[     623ms] [LOG] [PostHog.js] send "$pageleave" {uuid: 019d4b39-bb39-77b1-bd09-85cdaa275b04, event: $pageleave, properties: Object, timestamp: Wed Apr 01 2026 18:46:07 GMT-0400 (Eastern Daylight Time)} @ webpack-internal:///(app-pages-browser)/../../node_modules/posthog-js/dist/module.js:17
[    1059ms] [INFO] %cDownload the React DevTools for a better development experience: https://react.dev/link/react-devtools font-weight:bold @ webpack-internal:///(app-pages-browser)/../../node_modules/next/dist/compiled/react-dom/cjs/react-dom-client.development.js:24914
[    1156ms] [WARNING] Clerk: Clerk has been loaded with development keys. Development instances have strict usage limits and should not be used when deploying your application to production. Learn more: https://clerk.com/docs/deployments/overview @ https://relaxed-sunfish-0.clerk.accounts.dev/npm/@clerk/clerk-js@5/dist/clerk.browser.js:18
[    1242ms] [LOG] [PostHog.js] set_config {config: Object, oldConfig: Object, newConfig: Object} @ webpack-internal:///(app-pages-browser)/../../node_modules/posthog-js/dist/module.js:17
[    1243ms] [LOG] [PostHog.js] Persistence loaded localStorage+cookie {distinct_id: 019d4b29-b3f0-7618-b921-ba322492be06, $sesid: Array(3), $initial_person_info: Object, $initialization_time: 2026-04-01T22:45:01.301Z, $configured_session_timeout_ms: 1800000} @ webpack-internal:///(app-pages-browser)/../../node_modules/posthog-js/dist/module.js:17
[    1244ms] [LOG] [PostHog.js] Persistence loaded sessionStorage {$referrer: $direct, $referring_domain: $direct} @ webpack-internal:///(app-pages-browser)/../../node_modules/posthog-js/dist/module.js:17
[    1245ms] [LOG] [PostHog.js] [Heatmaps] starting... @ webpack-internal:///(app-pages-browser)/../../node_modules/posthog-js/dist/module.js:17
[    1245ms] [LOG] [PostHog.js] [Web Vitals] enabled, starting... @ webpack-internal:///(app-pages-browser)/../../node_modules/posthog-js/dist/module.js:17
[    1245ms] [LOG] [PostHog.js] [ExceptionAutocapture] enabled @ webpack-internal:///(app-pages-browser)/../../node_modules/posthog-js/dist/module.js:17
[    1246ms] [LOG] [PostHog.js] [ExceptionAutocapture] enabled @ webpack-internal:///(app-pages-browser)/../../node_modules/posthog-js/dist/module.js:17
[    1246ms] [LOG] [PostHog.js] History API monitoring enabled, starting... @ webpack-internal:///(app-pages-browser)/../../node_modules/posthog-js/dist/module.js:17
[    1246ms] [LOG] [PostHog.js] Starting in debug mode {this: wa, config: Object, thisC: Object, p: Object, s: Object} @ webpack-internal:///(app-pages-browser)/../../node_modules/posthog-js/dist/module.js:17
[    1424ms] [LOG] [PostHog.js] send "$pageview" {uuid: 019d4b39-be58-7f7e-a00a-0fc17df7ee9f, event: $pageview, properties: Object, timestamp: Wed Apr 01 2026 18:46:08 GMT-0400 (Eastern Daylight Time)} @ webpack-internal:///(app-pages-browser)/../../node_modules/posthog-js/dist/module.js:17
[    1433ms] [LOG] [PostHog.js] [Dead Clicks] starting... @ webpack-internal:///(app-pages-browser)/../../node_modules/posthog-js/dist/module.js:17
[    1436ms] [LOG] [PostHog.js] [RemoteConfig] __preview_remote_config is disabled. Logging config instead {analytics: Object, autocaptureExceptions: false, autocapture_opt_out: false, captureDeadClicks: false, capturePerformance: Object} @ webpack-internal:///(app-pages-browser)/../../node_modules/posthog-js/dist/module.js:17
[    1470ms] [LOG] %c[Vercel Web Analytics]%c Debug mode is enabled by default in development. No requests will be sent to the server. color: rgb(120, 120, 120) color: inherit @ https://va.vercel-scripts.com/v1/script.debug.js:0
[    1471ms] [LOG] %c[Vercel Web Analytics]%c Running queued event color: rgb(120, 120, 120) color: inherit pageview {route: /courses/[id], path: /courses/k57febywfb878awqqhekpn6cb57n7p5h} @ https://va.vercel-scripts.com/v1/script.debug.js:0
[    1471ms] [LOG] %c[Vercel Web Analytics]%c [view] http://127.0.0.1:3000/courses/k57febywfb878awqqhekpn6cb57n7p5h color: rgb(120, 120, 120) color: inherit {o: http://127.0.0.1:3000/courses/k57febywfb878awqqhekpn6cb57n7p5h, sv: 0.1.3, sdkn: @vercel/analytics/next, sdkv: 1.5.0, ts: 1775083568777} /_vercel/insights/view @ https://va.vercel-scripts.com/v1/script.debug.js:0
[    1508ms] [LOG] [PostHog.js] Persistence loaded sessionStorage {$referrer: $direct, $referring_domain: $direct} @ webpack-internal:///(app-pages-browser)/../../node_modules/posthog-js/dist/module.js:17
[    1508ms] [LOG] [PostHog.js] set_config {config: Object, oldConfig: Object, newConfig: Object} @ webpack-internal:///(app-pages-browser)/../../node_modules/posthog-js/dist/module.js:17
[    1509ms] [LOG] [PostHog.js] [Surveys] flags response received, isSurveysEnabled: false @ webpack-internal:///(app-pages-browser)/../../node_modules/posthog-js/dist/module.js:17
[    1509ms] [LOG] [PostHog.js] [ExceptionAutocapture] enabled @ webpack-internal:///(app-pages-browser)/../../node_modules/posthog-js/dist/module.js:17
[    1512ms] [LOG] [PostHog.js] [Surveys] Surveys loaded successfully @ webpack-internal:///(app-pages-browser)/../../node_modules/posthog-js/dist/module.js:17
[    6442ms] [LOG] [PostHog.js] send "$web_vitals" {uuid: 019d4b39-d1f4-737d-ba3a-4a492b2a205d, event: $web_vitals, properties: Object, timestamp: Wed Apr 01 2026 18:46:13 GMT-0400 (Eastern Daylight Time)} @ webpack-internal:///(app-pages-browser)/../../node_modules/posthog-js/dist/module.js:17
[   16250ms] [LOG] [PostHog.js] send "$$heatmap" {uuid: 019d4b39-f843-7e57-83b7-d23e323d20d1, event: $$heatmap, properties: Object, timestamp: Wed Apr 01 2026 18:46:23 GMT-0400 (Eastern Daylight Time)} @ webpack-internal:///(app-pages-browser)/../../node_modules/posthog-js/dist/module.js:17
[   18009ms] [LOG] [PostHog.js] send "$web_vitals" {uuid: 019d4b39-ff23-748d-b8cc-c721fd507bb5, event: $web_vitals, properties: Object, timestamp: Wed Apr 01 2026 18:46:25 GMT-0400 (Eastern Daylight Time)} @ webpack-internal:///(app-pages-browser)/../../node_modules/posthog-js/dist/module.js:17
[   46251ms] [LOG] [PostHog.js] send "$$heatmap" {uuid: 019d4b3a-6d72-7812-ad93-1e06a8681822, event: $$heatmap, properties: Object, timestamp: Wed Apr 01 2026 18:46:53 GMT-0400 (Eastern Daylight Time)} @ webpack-internal:///(app-pages-browser)/../../node_modules/posthog-js/dist/module.js:17
[   51249ms] [LOG] [PostHog.js] send "$$heatmap" {uuid: 019d4b3a-80fa-7882-8aec-f1e839f7cf41, event: $$heatmap, properties: Object, timestamp: Wed Apr 01 2026 18:46:58 GMT-0400 (Eastern Daylight Time)} @ webpack-internal:///(app-pages-browser)/../../node_modules/posthog-js/dist/module.js:17
