[     475ms] [LOG] [PostHog.js] send "$pageleave" {uuid: 019d4b2a-0acf-773f-a347-d1a8c7f06722, event: $pageleave, properties: Object, timestamp: Wed Apr 01 2026 18:28:59 GMT-0400 (Eastern Daylight Time)} @ webpack-internal:///(app-pages-browser)/../../node_modules/posthog-js/dist/module.js:17
[     804ms] [INFO] %cDownload the React DevTools for a better development experience: https://react.dev/link/react-devtools font-weight:bold @ webpack-internal:///(app-pages-browser)/../../node_modules/next/dist/compiled/react-dom/cjs/react-dom-client.development.js:24914
[     879ms] [WARNING] Clerk: Clerk has been loaded with development keys. Development instances have strict usage limits and should not be used when deploying your application to production. Learn more: https://clerk.com/docs/deployments/overview @ https://relaxed-sunfish-0.clerk.accounts.dev/npm/@clerk/clerk-js@5/dist/clerk.browser.js:18
[     926ms] [LOG] [PostHog.js] set_config {config: Object, oldConfig: Object, newConfig: Object} @ webpack-internal:///(app-pages-browser)/../../node_modules/posthog-js/dist/module.js:17
[     926ms] [LOG] [PostHog.js] Persistence loaded localStorage+cookie {distinct_id: 019d4b29-b3f0-7618-b921-ba322492be06, $sesid: Array(3), $initial_person_info: Object, $initialization_time: 2026-04-01T22:28:37.484Z, $configured_session_timeout_ms: 1800000} @ webpack-internal:///(app-pages-browser)/../../node_modules/posthog-js/dist/module.js:17
[     927ms] [LOG] [PostHog.js] Persistence loaded sessionStorage {$referrer: $direct, $referring_domain: $direct} @ webpack-internal:///(app-pages-browser)/../../node_modules/posthog-js/dist/module.js:17
[     928ms] [LOG] [PostHog.js] [Heatmaps] starting... @ webpack-internal:///(app-pages-browser)/../../node_modules/posthog-js/dist/module.js:17
[     928ms] [LOG] [PostHog.js] [Web Vitals] enabled, starting... @ webpack-internal:///(app-pages-browser)/../../node_modules/posthog-js/dist/module.js:17
[     929ms] [LOG] [PostHog.js] [ExceptionAutocapture] enabled @ webpack-internal:///(app-pages-browser)/../../node_modules/posthog-js/dist/module.js:17
[     929ms] [LOG] [PostHog.js] [ExceptionAutocapture] enabled @ webpack-internal:///(app-pages-browser)/../../node_modules/posthog-js/dist/module.js:17
[     929ms] [LOG] [PostHog.js] History API monitoring enabled, starting... @ webpack-internal:///(app-pages-browser)/../../node_modules/posthog-js/dist/module.js:17
[     929ms] [LOG] [PostHog.js] Starting in debug mode {this: wa, config: Object, thisC: Object, p: Object, s: Object} @ webpack-internal:///(app-pages-browser)/../../node_modules/posthog-js/dist/module.js:17
[    1029ms] [LOG] [PostHog.js] send "$pageview" {uuid: 019d4b2a-0cf8-7fe3-b4a7-49fd4c4d7da3, event: $pageview, properties: Object, timestamp: Wed Apr 01 2026 18:29:00 GMT-0400 (Eastern Daylight Time)} @ webpack-internal:///(app-pages-browser)/../../node_modules/posthog-js/dist/module.js:17
[    1033ms] [LOG] [PostHog.js] [Dead Clicks] starting... @ webpack-internal:///(app-pages-browser)/../../node_modules/posthog-js/dist/module.js:17
[    1063ms] [LOG] [PostHog.js] [RemoteConfig] __preview_remote_config is disabled. Logging config instead {analytics: Object, autocaptureExceptions: false, autocapture_opt_out: false, captureDeadClicks: false, capturePerformance: Object} @ webpack-internal:///(app-pages-browser)/../../node_modules/posthog-js/dist/module.js:17
[    1063ms] [LOG] %c[Vercel Web Analytics]%c Debug mode is enabled by default in development. No requests will be sent to the server. color: rgb(120, 120, 120) color: inherit @ https://va.vercel-scripts.com/v1/script.debug.js:0
[    1063ms] [LOG] %c[Vercel Web Analytics]%c Running queued event color: rgb(120, 120, 120) color: inherit pageview {route: /courses/certificate, path: /courses/certificate} @ https://va.vercel-scripts.com/v1/script.debug.js:0
[    1063ms] [LOG] %c[Vercel Web Analytics]%c [view] http://127.0.0.1:3000/courses/certificate color: rgb(120, 120, 120) color: inherit {o: http://127.0.0.1:3000/courses/certificate, sv: 0.1.3, sdkn: @vercel/analytics/next, sdkv: 1.5.0, ts: 1775082540316} /_vercel/insights/view @ https://va.vercel-scripts.com/v1/script.debug.js:0
[    1138ms] [LOG] [PostHog.js] Persistence loaded sessionStorage {$referrer: $direct, $referring_domain: $direct} @ webpack-internal:///(app-pages-browser)/../../node_modules/posthog-js/dist/module.js:17
[    1139ms] [LOG] [PostHog.js] set_config {config: Object, oldConfig: Object, newConfig: Object} @ webpack-internal:///(app-pages-browser)/../../node_modules/posthog-js/dist/module.js:17
[    1139ms] [LOG] [PostHog.js] [Surveys] flags response received, isSurveysEnabled: false @ webpack-internal:///(app-pages-browser)/../../node_modules/posthog-js/dist/module.js:17
[    1139ms] [LOG] [PostHog.js] [ExceptionAutocapture] enabled @ webpack-internal:///(app-pages-browser)/../../node_modules/posthog-js/dist/module.js:17
[    1144ms] [LOG] [PostHog.js] [Surveys] Surveys loaded successfully @ webpack-internal:///(app-pages-browser)/../../node_modules/posthog-js/dist/module.js:17
[    6036ms] [LOG] [PostHog.js] send "$web_vitals" {uuid: 019d4b2a-2088-7bcf-9478-21063293ab83, event: $web_vitals, properties: Object, timestamp: Wed Apr 01 2026 18:29:05 GMT-0400 (Eastern Daylight Time)} @ webpack-internal:///(app-pages-browser)/../../node_modules/posthog-js/dist/module.js:17
[   10931ms] [LOG] [PostHog.js] send "$$heatmap" {uuid: 019d4b2a-33a7-7ca9-8bba-f0f212694ee0, event: $$heatmap, properties: Object, timestamp: Wed Apr 01 2026 18:29:10 GMT-0400 (Eastern Daylight Time)} @ webpack-internal:///(app-pages-browser)/../../node_modules/posthog-js/dist/module.js:17
[   25931ms] [LOG] [PostHog.js] send "$$heatmap" {uuid: 019d4b2a-6e3f-76a2-b570-7cbe45fb396c, event: $$heatmap, properties: Object, timestamp: Wed Apr 01 2026 18:29:25 GMT-0400 (Eastern Daylight Time)} @ webpack-internal:///(app-pages-browser)/../../node_modules/posthog-js/dist/module.js:17
[  695937ms] [LOG] [PostHog.js] send "$$heatmap" {uuid: 019d4b34-a773-7371-a3b9-2e1e2275f0e3, event: $$heatmap, properties: Object, timestamp: Wed Apr 01 2026 18:40:35 GMT-0400 (Eastern Daylight Time)} @ webpack-internal:///(app-pages-browser)/../../node_modules/posthog-js/dist/module.js:17
[  700640ms] [LOG] [Fast Refresh] rebuilding @ webpack-internal:///(app-pages-browser)/../../node_modules/next/dist/client/components/react-dev-overlay/app/hot-reloader-client.js:241
[  700936ms] [LOG] [PostHog.js] send "$$heatmap" {uuid: 019d4b34-bafc-7390-8f67-e855c21cfcbe, event: $$heatmap, properties: Object, timestamp: Wed Apr 01 2026 18:40:40 GMT-0400 (Eastern Daylight Time)} @ webpack-internal:///(app-pages-browser)/../../node_modules/posthog-js/dist/module.js:17
[  701269ms] [LOG] [PostHog.js] send "$web_vitals" {uuid: 019d4b34-bc49-71a7-a155-f8fda1db84b9, event: $web_vitals, properties: Object, timestamp: Wed Apr 01 2026 18:40:40 GMT-0400 (Eastern Daylight Time)} @ webpack-internal:///(app-pages-browser)/../../node_modules/posthog-js/dist/module.js:17
[  710195ms] [LOG] [Fast Refresh] rebuilding @ webpack-internal:///(app-pages-browser)/../../node_modules/next/dist/client/components/react-dev-overlay/app/hot-reloader-client.js:241
[  710585ms] [LOG] [Fast Refresh] done in 390ms @ webpack-internal:///(app-pages-browser)/../../node_modules/next/dist/client/components/react-dev-overlay/app/hot-reloader-client.js:73
[  710938ms] [LOG] [PostHog.js] send "$$heatmap" {uuid: 019d4b34-e20d-795c-856b-190ae32af2fd, event: $$heatmap, properties: Object, timestamp: Wed Apr 01 2026 18:40:50 GMT-0400 (Eastern Daylight Time)} @ webpack-internal:///(app-pages-browser)/../../node_modules/posthog-js/dist/module.js:17
[  718826ms] [LOG] [Fast Refresh] done in 8631ms @ webpack-internal:///(app-pages-browser)/../../node_modules/next/dist/client/components/react-dev-overlay/app/hot-reloader-client.js:73
[  735941ms] [LOG] [PostHog.js] send "$$heatmap" {uuid: 019d4b35-43b6-7e42-bb19-497ddd805e97, event: $$heatmap, properties: Object, timestamp: Wed Apr 01 2026 18:41:15 GMT-0400 (Eastern Daylight Time)} @ webpack-internal:///(app-pages-browser)/../../node_modules/posthog-js/dist/module.js:17
[  737979ms] [LOG] [Fast Refresh] rebuilding @ webpack-internal:///(app-pages-browser)/../../node_modules/next/dist/client/components/react-dev-overlay/app/hot-reloader-client.js:241
[  739398ms] [LOG] [Fast Refresh] done in 1419ms @ webpack-internal:///(app-pages-browser)/../../node_modules/next/dist/client/components/react-dev-overlay/app/hot-reloader-client.js:73
[  740939ms] [LOG] [PostHog.js] send "$$heatmap" {uuid: 019d4b35-573e-7557-82ac-4c550d9e8628, event: $$heatmap, properties: Object, timestamp: Wed Apr 01 2026 18:41:20 GMT-0400 (Eastern Daylight Time)} @ webpack-internal:///(app-pages-browser)/../../node_modules/posthog-js/dist/module.js:17
[  749419ms] [LOG] [Fast Refresh] rebuilding @ webpack-internal:///(app-pages-browser)/../../node_modules/next/dist/client/components/react-dev-overlay/app/hot-reloader-client.js:241
[  750005ms] [LOG] [Fast Refresh] rebuilding @ webpack-internal:///(app-pages-browser)/../../node_modules/next/dist/client/components/react-dev-overlay/app/hot-reloader-client.js:241
[  750019ms] [LOG] [Fast Refresh] done in 15ms @ webpack-internal:///(app-pages-browser)/../../node_modules/next/dist/client/components/react-dev-overlay/app/hot-reloader-client.js:73
[  750939ms] [LOG] [PostHog.js] send "$$heatmap" {uuid: 019d4b35-7e4e-72e0-9c5f-15ff86b92610, event: $$heatmap, properties: Object, timestamp: Wed Apr 01 2026 18:41:30 GMT-0400 (Eastern Daylight Time)} @ webpack-internal:///(app-pages-browser)/../../node_modules/posthog-js/dist/module.js:17
[  751864ms] [LOG] [Fast Refresh] done in 1860ms @ webpack-internal:///(app-pages-browser)/../../node_modules/next/dist/client/components/react-dev-overlay/app/hot-reloader-client.js:73
[  755946ms] [LOG] [PostHog.js] send "$$heatmap" {uuid: 019d4b35-91d6-7ef0-a3d8-473b4286bd81, event: $$heatmap, properties: Object, timestamp: Wed Apr 01 2026 18:41:35 GMT-0400 (Eastern Daylight Time)} @ webpack-internal:///(app-pages-browser)/../../node_modules/posthog-js/dist/module.js:17
[  854135ms] [LOG] [Fast Refresh] rebuilding @ webpack-internal:///(app-pages-browser)/../../node_modules/next/dist/client/components/react-dev-overlay/app/hot-reloader-client.js:241
[  874405ms] [LOG] [Fast Refresh] done in 20270ms @ webpack-internal:///(app-pages-browser)/../../node_modules/next/dist/client/components/react-dev-overlay/app/hot-reloader-client.js:73
[  877015ms] [LOG] [Fast Refresh] rebuilding @ webpack-internal:///(app-pages-browser)/../../node_modules/next/dist/client/components/react-dev-overlay/app/hot-reloader-client.js:241
[  881337ms] [LOG] [Fast Refresh] done in 4321ms @ webpack-internal:///(app-pages-browser)/../../node_modules/next/dist/client/components/react-dev-overlay/app/hot-reloader-client.js:73
[  881615ms] [LOG] [Fast Refresh] rebuilding @ webpack-internal:///(app-pages-browser)/../../node_modules/next/dist/client/components/react-dev-overlay/app/hot-reloader-client.js:241
[  887637ms] [LOG] [Fast Refresh] done in 6022ms @ webpack-internal:///(app-pages-browser)/../../node_modules/next/dist/client/components/react-dev-overlay/app/hot-reloader-client.js:73
