[     386ms] [LOG] [PostHog.js] send "$pageleave" {uuid: 019d4b4b-ba17-7c68-b740-d4bcbbc81b45, event: $pageleave, properties: Object, timestamp: Wed Apr 01 2026 19:05:47 GMT-0400 (Eastern Daylight Time)} @ webpack-internal:///(app-pages-browser)/../../node_modules/posthog-js/dist/module.js:17
[     747ms] [INFO] %cDownload the React DevTools for a better development experience: https://react.dev/link/react-devtools font-weight:bold @ webpack-internal:///(app-pages-browser)/../../node_modules/next/dist/compiled/react-dom/cjs/react-dom-client.development.js:24914
[    1099ms] [WARNING] Clerk: Clerk has been loaded with development keys. Development instances have strict usage limits and should not be used when deploying your application to production. Learn more: https://clerk.com/docs/deployments/overview @ https://relaxed-sunfish-0.clerk.accounts.dev/npm/@clerk/clerk-js@5/dist/clerk.browser.js:18
[    1154ms] [LOG] [PostHog.js] set_config {config: Object, oldConfig: Object, newConfig: Object} @ webpack-internal:///(app-pages-browser)/../../node_modules/posthog-js/dist/module.js:17
[    1154ms] [LOG] [PostHog.js] Persistence loaded localStorage+cookie {distinct_id: 019d4b29-b3f0-7618-b921-ba322492be06, $sesid: Array(3), $initial_person_info: Object, $initialization_time: 2026-04-01T22:54:53.849Z, $configured_session_timeout_ms: 1800000} @ webpack-internal:///(app-pages-browser)/../../node_modules/posthog-js/dist/module.js:17
[    1156ms] [LOG] [PostHog.js] Persistence loaded sessionStorage {$referrer: $direct, $referring_domain: $direct} @ webpack-internal:///(app-pages-browser)/../../node_modules/posthog-js/dist/module.js:17
[    1157ms] [LOG] [PostHog.js] [ExceptionAutocapture] enabled @ webpack-internal:///(app-pages-browser)/../../node_modules/posthog-js/dist/module.js:17
[    1158ms] [LOG] [PostHog.js] [ExceptionAutocapture] enabled @ webpack-internal:///(app-pages-browser)/../../node_modules/posthog-js/dist/module.js:17
[    1158ms] [LOG] [PostHog.js] History API monitoring enabled, starting... @ webpack-internal:///(app-pages-browser)/../../node_modules/posthog-js/dist/module.js:17
[    1158ms] [LOG] [PostHog.js] Starting in debug mode {this: wa, config: Object, thisC: Object, p: Object, s: Object} @ webpack-internal:///(app-pages-browser)/../../node_modules/posthog-js/dist/module.js:17
[    1272ms] [LOG] [PostHog.js] send "$pageview" {uuid: 019d4b4b-bd8d-7bd2-a829-bfa3b816000f, event: $pageview, properties: Object, timestamp: Wed Apr 01 2026 19:05:48 GMT-0400 (Eastern Daylight Time)} @ webpack-internal:///(app-pages-browser)/../../node_modules/posthog-js/dist/module.js:17
[    1325ms] [LOG] %c[Vercel Web Analytics]%c Debug mode is enabled by default in development. No requests will be sent to the server. color: rgb(120, 120, 120) color: inherit @ https://va.vercel-scripts.com/v1/script.debug.js:0
[    1325ms] [LOG] %c[Vercel Web Analytics]%c Running queued event color: rgb(120, 120, 120) color: inherit pageview {route: /, path: /} @ https://va.vercel-scripts.com/v1/script.debug.js:0
[    1325ms] [LOG] %c[Vercel Web Analytics]%c [view] http://127.0.0.1:3000/ color: rgb(120, 120, 120) color: inherit {o: http://127.0.0.1:3000/, sv: 0.1.3, sdkn: @vercel/analytics/next, sdkv: 1.5.0, ts: 1775084748227} /_vercel/insights/view @ https://va.vercel-scripts.com/v1/script.debug.js:0
[    1342ms] [LOG] [PostHog.js] [RemoteConfig] __preview_remote_config is disabled. Logging config instead {analytics: Object, autocaptureExceptions: false, autocapture_opt_out: false, captureDeadClicks: false, capturePerformance: Object} @ webpack-internal:///(app-pages-browser)/../../node_modules/posthog-js/dist/module.js:17
[    1408ms] [LOG] [PostHog.js] Persistence loaded sessionStorage {$referrer: $direct, $referring_domain: $direct} @ webpack-internal:///(app-pages-browser)/../../node_modules/posthog-js/dist/module.js:17
[    1408ms] [LOG] [PostHog.js] set_config {config: Object, oldConfig: Object, newConfig: Object} @ webpack-internal:///(app-pages-browser)/../../node_modules/posthog-js/dist/module.js:17
[    1408ms] [LOG] [PostHog.js] [Heatmaps] starting... @ webpack-internal:///(app-pages-browser)/../../node_modules/posthog-js/dist/module.js:17
[    1409ms] [LOG] [PostHog.js] [Surveys] flags response received, isSurveysEnabled: false @ webpack-internal:///(app-pages-browser)/../../node_modules/posthog-js/dist/module.js:17
[    1409ms] [LOG] [PostHog.js] [Web Vitals] enabled, starting... @ webpack-internal:///(app-pages-browser)/../../node_modules/posthog-js/dist/module.js:17
[    1410ms] [LOG] [PostHog.js] [ExceptionAutocapture] enabled @ webpack-internal:///(app-pages-browser)/../../node_modules/posthog-js/dist/module.js:17
[    1411ms] [LOG] [PostHog.js] [Dead Clicks] starting... @ webpack-internal:///(app-pages-browser)/../../node_modules/posthog-js/dist/module.js:17
[    1856ms] [LOG] [PostHog.js] [Surveys] Surveys loaded successfully @ webpack-internal:///(app-pages-browser)/../../node_modules/posthog-js/dist/module.js:17
[    6756ms] [LOG] [PostHog.js] send "$web_vitals" {uuid: 019d4b4b-d2f9-7e37-a8b9-e92b83c4a5bd, event: $web_vitals, properties: Object, timestamp: Wed Apr 01 2026 19:05:53 GMT-0400 (Eastern Daylight Time)} @ webpack-internal:///(app-pages-browser)/../../node_modules/posthog-js/dist/module.js:17
[   16201ms] [LOG] [PostHog.js] send "$autocapture" {uuid: 019d4b4b-f7df-7466-9d0a-484960de047a, event: $autocapture, properties: Object, timestamp: Wed Apr 01 2026 19:06:03 GMT-0400 (Eastern Daylight Time)} @ webpack-internal:///(app-pages-browser)/../../node_modules/posthog-js/dist/module.js:17
[   16411ms] [LOG] [PostHog.js] send "$$heatmap" {uuid: 019d4b4b-f8b2-715d-ae17-7c83fb8f7508, event: $$heatmap, properties: Object, timestamp: Wed Apr 01 2026 19:06:03 GMT-0400 (Eastern Daylight Time)} @ webpack-internal:///(app-pages-browser)/../../node_modules/posthog-js/dist/module.js:17
[   21216ms] [LOG] [PostHog.js] send "$web_vitals" {uuid: 019d4b4c-0b75-790f-a305-40fe476cef81, event: $web_vitals, properties: Object, timestamp: Wed Apr 01 2026 19:06:08 GMT-0400 (Eastern Daylight Time)} @ webpack-internal:///(app-pages-browser)/../../node_modules/posthog-js/dist/module.js:17
[   21411ms] [LOG] [PostHog.js] send "$$heatmap" {uuid: 019d4b4c-0c39-7774-b40e-61ee7e711a6a, event: $$heatmap, properties: Object, timestamp: Wed Apr 01 2026 19:06:08 GMT-0400 (Eastern Daylight Time)} @ webpack-internal:///(app-pages-browser)/../../node_modules/posthog-js/dist/module.js:17
[  161535ms] [LOG] [Fast Refresh] rebuilding @ webpack-internal:///(app-pages-browser)/../../node_modules/next/dist/client/components/react-dev-overlay/app/hot-reloader-client.js:241
[  164349ms] [LOG] [Fast Refresh] rebuilding @ webpack-internal:///(app-pages-browser)/../../node_modules/next/dist/client/components/react-dev-overlay/app/hot-reloader-client.js:241
[  164384ms] [LOG] [Fast Refresh] done in 34ms @ webpack-internal:///(app-pages-browser)/../../node_modules/next/dist/client/components/react-dev-overlay/app/hot-reloader-client.js:73
[  166396ms] [LOG] [Fast Refresh] done in 2046ms @ webpack-internal:///(app-pages-browser)/../../node_modules/next/dist/client/components/react-dev-overlay/app/hot-reloader-client.js:73
[  173992ms] [LOG] [Fast Refresh] rebuilding @ webpack-internal:///(app-pages-browser)/../../node_modules/next/dist/client/components/react-dev-overlay/app/hot-reloader-client.js:241
[  174843ms] [LOG] [Fast Refresh] done in 852ms @ webpack-internal:///(app-pages-browser)/../../node_modules/next/dist/client/components/react-dev-overlay/app/hot-reloader-client.js:73
[  207999ms] [LOG] [PostHog.js] send "$autocapture" {uuid: 019d4b4e-e515-754b-ab71-6c588965b2c8, event: $autocapture, properties: Object, timestamp: Wed Apr 01 2026 19:09:14 GMT-0400 (Eastern Daylight Time)} @ webpack-internal:///(app-pages-browser)/../../node_modules/posthog-js/dist/module.js:17
[  211412ms] [LOG] [PostHog.js] send "$$heatmap" {uuid: 019d4b4e-f26a-7ee7-8280-73526075c915, event: $$heatmap, properties: Object, timestamp: Wed Apr 01 2026 19:09:18 GMT-0400 (Eastern Daylight Time)} @ webpack-internal:///(app-pages-browser)/../../node_modules/posthog-js/dist/module.js:17
