[    2672ms] [LOG] [PostHog.js] send "$pageleave" {uuid: 019d4b41-a43d-786a-950d-4dd560afe718, event: $pageleave, properties: Object, timestamp: Wed Apr 01 2026 18:54:46 GMT-0400 (Eastern Daylight Time)} @ webpack-internal:///(app-pages-browser)/../../node_modules/posthog-js/dist/module.js:17
[    9106ms] [INFO] %cDownload the React DevTools for a better development experience: https://react.dev/link/react-devtools font-weight:bold @ webpack-internal:///(app-pages-browser)/../../node_modules/next/dist/compiled/react-dom/cjs/react-dom-client.development.js:24914
[    9768ms] [WARNING] Clerk: Clerk has been loaded with development keys. Development instances have strict usage limits and should not be used when deploying your application to production. Learn more: https://clerk.com/docs/deployments/overview @ https://relaxed-sunfish-0.clerk.accounts.dev/npm/@clerk/clerk-js@5/dist/clerk.browser.js:18
[   10177ms] [LOG] [PostHog.js] set_config {config: Object, oldConfig: Object, newConfig: Object} @ webpack-internal:///(app-pages-browser)/../../node_modules/posthog-js/dist/module.js:17
[   10178ms] [LOG] [PostHog.js] Persistence loaded localStorage+cookie {distinct_id: 019d4b29-b3f0-7618-b921-ba322492be06, $sesid: Array(3), $initial_person_info: Object, $initialization_time: 2026-04-01T22:50:10.948Z, $configured_session_timeout_ms: 1800000} @ webpack-internal:///(app-pages-browser)/../../node_modules/posthog-js/dist/module.js:17
[   10185ms] [LOG] [PostHog.js] Persistence loaded sessionStorage {$referrer: $direct, $referring_domain: $direct} @ webpack-internal:///(app-pages-browser)/../../node_modules/posthog-js/dist/module.js:17
[   10188ms] [LOG] [PostHog.js] [Heatmaps] starting... @ webpack-internal:///(app-pages-browser)/../../node_modules/posthog-js/dist/module.js:17
[   10191ms] [LOG] [PostHog.js] [Web Vitals] enabled, starting... @ webpack-internal:///(app-pages-browser)/../../node_modules/posthog-js/dist/module.js:17
[   10192ms] [LOG] [PostHog.js] [ExceptionAutocapture] enabled @ webpack-internal:///(app-pages-browser)/../../node_modules/posthog-js/dist/module.js:17
[   10194ms] [LOG] [PostHog.js] [ExceptionAutocapture] enabled @ webpack-internal:///(app-pages-browser)/../../node_modules/posthog-js/dist/module.js:17
[   10196ms] [LOG] [PostHog.js] History API monitoring enabled, starting... @ webpack-internal:///(app-pages-browser)/../../node_modules/posthog-js/dist/module.js:17
[   10197ms] [LOG] [PostHog.js] Starting in debug mode {this: wa, config: Object, thisC: Object, p: Object, s: Object} @ webpack-internal:///(app-pages-browser)/../../node_modules/posthog-js/dist/module.js:17
[   10611ms] [LOG] [PostHog.js] [Dead Clicks] starting... @ webpack-internal:///(app-pages-browser)/../../node_modules/posthog-js/dist/module.js:17
[   10652ms] [LOG] [PostHog.js] send "$pageview" {uuid: 019d4b41-c364-75d1-9a76-84f117e00b63, event: $pageview, properties: Object, timestamp: Wed Apr 01 2026 18:54:54 GMT-0400 (Eastern Daylight Time)} @ webpack-internal:///(app-pages-browser)/../../node_modules/posthog-js/dist/module.js:17
[   10690ms] [LOG] %c[Vercel Web Analytics]%c Debug mode is enabled by default in development. No requests will be sent to the server. color: rgb(120, 120, 120) color: inherit @ https://va.vercel-scripts.com/v1/script.debug.js:0
[   10690ms] [LOG] %c[Vercel Web Analytics]%c Running queued event color: rgb(120, 120, 120) color: inherit pageview {route: /, path: /} @ https://va.vercel-scripts.com/v1/script.debug.js:0
[   10691ms] [LOG] %c[Vercel Web Analytics]%c [view] http://127.0.0.1:3000/ color: rgb(120, 120, 120) color: inherit {o: http://127.0.0.1:3000/, sv: 0.1.3, sdkn: @vercel/analytics/next, sdkv: 1.5.0, ts: 1775084094354} /_vercel/insights/view @ https://va.vercel-scripts.com/v1/script.debug.js:0
[   12047ms] [LOG] [PostHog.js] [RemoteConfig] __preview_remote_config is disabled. Logging config instead {analytics: Object, autocaptureExceptions: false, autocapture_opt_out: false, captureDeadClicks: false, capturePerformance: Object} @ webpack-internal:///(app-pages-browser)/../../node_modules/posthog-js/dist/module.js:17
[   13209ms] [ERROR] [PostHog.js] AbortError: signal is aborted without reason
    at eval (webpack-internal:///(app-pages-browser)/../../node_modules/posthog-js/dist/module.js:18:85735) @ webpack-internal:///(app-pages-browser)/../../node_modules/next/dist/client/components/globals/intercept-console-error.js:49
[   13211ms] [LOG] [PostHog.js] Persistence loaded sessionStorage {$referrer: $direct, $referring_domain: $direct} @ webpack-internal:///(app-pages-browser)/../../node_modules/posthog-js/dist/module.js:17
[   13211ms] [LOG] [PostHog.js] set_config {config: Object, oldConfig: Object, newConfig: Object} @ webpack-internal:///(app-pages-browser)/../../node_modules/posthog-js/dist/module.js:17
[   13213ms] [LOG] [PostHog.js] [Dead Clicks] stopping... @ webpack-internal:///(app-pages-browser)/../../node_modules/posthog-js/dist/module.js:17
[   13213ms] [WARNING] [PostHog.js] [Surveys] Flags not loaded yet. Not loading surveys. @ webpack-internal:///(app-pages-browser)/../../node_modules/posthog-js/dist/module.js:17
[   13214ms] [LOG] [PostHog.js] [ExceptionAutocapture] enabled @ webpack-internal:///(app-pages-browser)/../../node_modules/posthog-js/dist/module.js:17
[   13215ms] [WARNING] [PostHog.js] [FeatureFlags] Using an older version of the feature flags endpoint. Please upgrade your PostHog server to the latest version @ webpack-internal:///(app-pages-browser)/../../node_modules/posthog-js/dist/module.js:17
[   15681ms] [LOG] [PostHog.js] send "$web_vitals" {uuid: 019d4b41-d70d-7a5f-b8a7-bf555dc6115d, event: $web_vitals, properties: Object, timestamp: Wed Apr 01 2026 18:54:59 GMT-0400 (Eastern Daylight Time)} @ webpack-internal:///(app-pages-browser)/../../node_modules/posthog-js/dist/module.js:17
[   70660ms] [ERROR] [PostHog.js] AbortError: signal is aborted without reason
    at eval (webpack-internal:///(app-pages-browser)/../../node_modules/posthog-js/dist/module.js:18:85735) @ webpack-internal:///(app-pages-browser)/../../node_modules/next/dist/client/components/globals/intercept-console-error.js:49
[   70661ms] [WARNING] [PostHog.js] Enqueued failed request for retry in 2790 @ webpack-internal:///(app-pages-browser)/../../node_modules/posthog-js/dist/module.js:17
[   78695ms] [ERROR] [PostHog.js] AbortError: signal is aborted without reason
    at eval (webpack-internal:///(app-pages-browser)/../../node_modules/posthog-js/dist/module.js:18:85735) @ webpack-internal:///(app-pages-browser)/../../node_modules/next/dist/client/components/globals/intercept-console-error.js:49
[   78696ms] [WARNING] [PostHog.js] Enqueued failed request for retry in 3745 @ webpack-internal:///(app-pages-browser)/../../node_modules/posthog-js/dist/module.js:17
[   89310ms] [ERROR] Failed to load resource: the server responded with a status of 408 (Request Timeout) @ http://127.0.0.1:3000/__nextjs_font/geist-latin.woff2:0
[  133686ms] [ERROR] [PostHog.js] AbortError: signal is aborted without reason
    at eval (webpack-internal:///(app-pages-browser)/../../node_modules/posthog-js/dist/module.js:18:85735) @ webpack-internal:///(app-pages-browser)/../../node_modules/next/dist/client/components/globals/intercept-console-error.js:49
[  133687ms] [WARNING] [PostHog.js] Enqueued failed request for retry in 5587 @ webpack-internal:///(app-pages-browser)/../../node_modules/posthog-js/dist/module.js:17
[  142695ms] [ERROR] [PostHog.js] AbortError: signal is aborted without reason
    at eval (webpack-internal:///(app-pages-browser)/../../node_modules/posthog-js/dist/module.js:18:85735) @ webpack-internal:///(app-pages-browser)/../../node_modules/next/dist/client/components/globals/intercept-console-error.js:49
[  142697ms] [WARNING] [PostHog.js] Enqueued failed request for retry in 4756 @ webpack-internal:///(app-pages-browser)/../../node_modules/posthog-js/dist/module.js:17
[  152966ms] [ERROR] Failed to load resource: the server responded with a status of 504 (Gateway Timeout) @ http://127.0.0.1:3000/_next/image?url=https%3A%2F%2Fpw6ih6yl8k.ufs.sh%2Ff%2FyzGpkAZp75KHqiQXHr1C7TdfAVuKoRta8qZzXY4iPJEpnrLM&w=640&q=75:0
[  237550ms] [LOG] [Fast Refresh] rebuilding @ webpack-internal:///(app-pages-browser)/../../node_modules/next/dist/client/components/react-dev-overlay/app/hot-reloader-client.js:241
[  282458ms] [LOG] [Fast Refresh] done in 44914ms @ webpack-internal:///(app-pages-browser)/../../node_modules/next/dist/client/components/react-dev-overlay/app/hot-reloader-client.js:73
