[    8145ms] [INFO] %cDownload the React DevTools for a better development experience: https://react.dev/link/react-devtools font-weight:bold @ webpack-internal:///(app-pages-browser)/../../node_modules/next/dist/compiled/react-dom/cjs/react-dom-client.development.js:24914
[    8267ms] [WARNING] Clerk: Clerk has been loaded with development keys. Development instances have strict usage limits and should not be used when deploying your application to production. Learn more: https://clerk.com/docs/deployments/overview @ https://relaxed-sunfish-0.clerk.accounts.dev/npm/@clerk/clerk-js@5/dist/clerk.browser.js:18
[    8330ms] [LOG] [PostHog.js] set_config {config: Object, oldConfig: Object, newConfig: Object} @ webpack-internal:///(app-pages-browser)/../../node_modules/posthog-js/dist/module.js:17
[    8332ms] [LOG] [PostHog.js] Persistence loaded localStorage+cookie {} @ webpack-internal:///(app-pages-browser)/../../node_modules/posthog-js/dist/module.js:17
[    8334ms] [LOG] [PostHog.js] Persistence loaded sessionStorage {} @ webpack-internal:///(app-pages-browser)/../../node_modules/posthog-js/dist/module.js:17
[    8335ms] [LOG] [PostHog.js] [SessionId] new session ID generated {sessionId: 019d4b29-b3ec-7608-8b86-97d008cc2461, windowId: 019d4b29-b3ec-7608-8b86-97d17bc87387, changeReason: Object} @ webpack-internal:///(app-pages-browser)/../../node_modules/posthog-js/dist/module.js:17
[    8335ms] [LOG] [PostHog.js] [ExceptionAutocapture] enabled @ webpack-internal:///(app-pages-browser)/../../node_modules/posthog-js/dist/module.js:17
[    8338ms] [LOG] [PostHog.js] [ExceptionAutocapture] enabled @ webpack-internal:///(app-pages-browser)/../../node_modules/posthog-js/dist/module.js:17
[    8338ms] [LOG] [PostHog.js] History API monitoring enabled, starting... @ webpack-internal:///(app-pages-browser)/../../node_modules/posthog-js/dist/module.js:17
[    8339ms] [LOG] [PostHog.js] Starting in debug mode {this: wa, config: Object, thisC: Object, p: Object, s: Object} @ webpack-internal:///(app-pages-browser)/../../node_modules/posthog-js/dist/module.js:17
[    8638ms] [LOG] [PostHog.js] send "$pageview" {uuid: 019d4b29-b518-7681-b6fe-3c8197940677, event: $pageview, properties: Object, timestamp: Wed Apr 01 2026 18:28:37 GMT-0400 (Eastern Daylight Time)} @ webpack-internal:///(app-pages-browser)/../../node_modules/posthog-js/dist/module.js:17
[    8645ms] [LOG] [PostHog.js] [RemoteConfig] __preview_remote_config is disabled. Logging config instead {analytics: Object, autocaptureExceptions: false, autocapture_opt_out: false, captureDeadClicks: false, capturePerformance: Object} @ webpack-internal:///(app-pages-browser)/../../node_modules/posthog-js/dist/module.js:17
[    8650ms] [LOG] [PostHog.js] Persistence loaded sessionStorage {$referrer: $direct, $referring_domain: $direct} @ webpack-internal:///(app-pages-browser)/../../node_modules/posthog-js/dist/module.js:17
[    8650ms] [LOG] [PostHog.js] set_config {config: Object, oldConfig: Object, newConfig: Object} @ webpack-internal:///(app-pages-browser)/../../node_modules/posthog-js/dist/module.js:17
[    8651ms] [LOG] [PostHog.js] [Heatmaps] starting... @ webpack-internal:///(app-pages-browser)/../../node_modules/posthog-js/dist/module.js:17
[    8651ms] [LOG] [PostHog.js] [Surveys] flags response received, isSurveysEnabled: false @ webpack-internal:///(app-pages-browser)/../../node_modules/posthog-js/dist/module.js:17
[    8651ms] [LOG] [PostHog.js] [Web Vitals] enabled, starting... @ webpack-internal:///(app-pages-browser)/../../node_modules/posthog-js/dist/module.js:17
[    8651ms] [LOG] [PostHog.js] [ExceptionAutocapture] enabled @ webpack-internal:///(app-pages-browser)/../../node_modules/posthog-js/dist/module.js:17
[    8826ms] [LOG] [PostHog.js] [Dead Clicks] starting... @ webpack-internal:///(app-pages-browser)/../../node_modules/posthog-js/dist/module.js:17
[    8827ms] [LOG] %c[Vercel Web Analytics]%c Debug mode is enabled by default in development. No requests will be sent to the server. color: rgb(120, 120, 120) color: inherit @ https://va.vercel-scripts.com/v1/script.debug.js:0
[    8827ms] [LOG] %c[Vercel Web Analytics]%c Running queued event color: rgb(120, 120, 120) color: inherit pageview {route: /courses, path: /courses} @ https://va.vercel-scripts.com/v1/script.debug.js:0
[    8827ms] [LOG] %c[Vercel Web Analytics]%c [view] http://127.0.0.1:3000/courses color: rgb(120, 120, 120) color: inherit {o: http://127.0.0.1:3000/courses, sv: 0.1.3, sdkn: @vercel/analytics/next, sdkv: 1.5.0, ts: 1775082517977} /_vercel/insights/view @ https://va.vercel-scripts.com/v1/script.debug.js:0
[    8830ms] [LOG] [PostHog.js] [Surveys] Surveys loaded successfully @ webpack-internal:///(app-pages-browser)/../../node_modules/posthog-js/dist/module.js:17
[   14224ms] [LOG] [PostHog.js] send "$web_vitals" {uuid: 019d4b29-caed-7113-b757-42377bbebbc6, event: $web_vitals, properties: Object, timestamp: Wed Apr 01 2026 18:28:43 GMT-0400 (Eastern Daylight Time)} @ webpack-internal:///(app-pages-browser)/../../node_modules/posthog-js/dist/module.js:17
[   15738ms] [WARNING] Image with src "https://pw6ih6yl8k.ufs.sh/f/yzGpkAZp75KHqiQXHr1C7TdfAVuKoRta8qZzXY4iPJEpnrLM" was detected as the Largest Contentful Paint (LCP). Please add the "priority" property if this image is above the fold.
Read more: https://nextjs.org/docs/api-reference/next/image#priority @ webpack-internal:///(app-pages-browser)/../../node_modules/next/dist/shared/lib/utils/warn-once.js:15
[   18655ms] [LOG] [PostHog.js] send "$$heatmap" {uuid: 019d4b29-dc3a-7468-abbc-e52769fe9a47, event: $$heatmap, properties: Object, timestamp: Wed Apr 01 2026 18:28:47 GMT-0400 (Eastern Daylight Time)} @ webpack-internal:///(app-pages-browser)/../../node_modules/posthog-js/dist/module.js:17
