
> build
> next build

   ▲ Next.js 15.2.8

   Creating an optimized production build ...
<w> [webpack.cache.PackFileCacheStrategy] Serializing big strings (160kiB) impacts deserialization performance (consider using Buffer instead and decode when needed)
 ✓ Compiled successfully
   Skipping validation of types
   Skipping linting
   Collecting page data ...
[Error: Failed to collect configuration for /courses/[id]] {
  [cause]: Error: Client created with undefined deployment address. If you used an environment variable, check that it's set.
      at i (.next/server/chunks/8945.js:1:8817)
      at new d (.next/server/chunks/8945.js:1:3564)
      at 47202 (.next/server/app/courses/[id]/page.js:1:170286)
      at t (.next/server/webpack-runtime.js:1:128)
}

> Build error occurred
[Error: Failed to collect page data for /courses/[id]] { type: 'Error' }
npm error Lifecycle script `build` failed with error:
npm error code 1
npm error path /Users/ayushjuvekar/Work/mindpoint/apps/web
npm error workspace @mindpoint/web
npm error location /Users/ayushjuvekar/Work/mindpoint/apps/web
npm error command failed
npm error command sh -c next build
